<?xml version="1.0" encoding="UTF-8"?>
<!-- Generated by org.testng.reporters.JUnitXMLReporter -->
<testsuite ignored="0" hostname="Jahiduls-MBP-2.lan" failures="0" tests="3" name="UploadTests" time="31.182" errors="0" timestamp="17 Dec 2022 21:41:39 GMT">
  <testcase classname="com.herokuapp.theinternet.uploadtests.UploadTests" name="fileUploadTest" time="2.273"/>
  <testcase classname="com.herokuapp.theinternet.uploadtests.UploadTests" name="fileUploadTest" time="2.106"/>
  <testcase classname="com.herokuapp.theinternet.uploadtests.UploadTests" name="fileUploadTest" time="2.902"/>
</testsuite> <!-- UploadTests -->
